
/home/runner/work/exp-statistical-inference-control-amrt/exp-statistical-inference-control-amrt/experiment/simulation/js/index-BcKAXHXJ.js
   9:1588   warning  Do not access Object.prototype method 'hasOwnProperty' from target object  no-prototype-builtins
   9:4646   warning  Do not access Object.prototype method 'hasOwnProperty' from target object  no-prototype-builtins
  17:911    warning  'setImmediate' is not defined                                              no-undef
  25:596    warning  Unexpected combined character in character class                           no-misleading-character-class
  25:3023   warning  Unnecessary escape character: \-                                           no-useless-escape
  25:4912   warning  Do not access Object.prototype method 'hasOwnProperty' from target object  no-prototype-builtins
  29:202    warning  Expected a conditional expression and instead saw an assignment            no-cond-assign
  29:1216   warning  Empty block statement                                                      no-empty
  29:2389   warning  Do not access Object.prototype method 'hasOwnProperty' from target object  no-prototype-builtins
  29:3869   warning  Do not access Object.prototype method 'hasOwnProperty' from target object  no-prototype-builtins
  29:3910   warning  Do not access Object.prototype method 'hasOwnProperty' from target object  no-prototype-builtins
  29:4077   warning  Do not access Object.prototype method 'hasOwnProperty' from target object  no-prototype-builtins
  29:4104   warning  Do not access Object.prototype method 'hasOwnProperty' from target object  no-prototype-builtins
  29:4695   warning  Do not access Object.prototype method 'hasOwnProperty' from target object  no-prototype-builtins
  29:6032   warning  'MSApp' is not defined                                                     no-undef
  29:6080   warning  'MSApp' is not defined                                                     no-undef
  29:7460   warning  Do not access Object.prototype method 'hasOwnProperty' from target object  no-prototype-builtins
  29:7553   warning  Do not access Object.prototype method 'hasOwnProperty' from target object  no-prototype-builtins
  29:8636   warning  Expected a conditional expression and instead saw an assignment            no-cond-assign
  29:9657   warning  Expected to return a value in method 'get'                                 getter-return
  29:9790   warning  'r' is defined but never used                                              no-unused-vars
  29:9792   warning  'l' is defined but never used                                              no-unused-vars
  29:9794   warning  'i' is defined but never used                                              no-unused-vars
  29:9796   warning  'o' is defined but never used                                              no-unused-vars
  29:9798   warning  'a' is defined but never used                                              no-unused-vars
  29:9800   warning  's' is defined but never used                                              no-unused-vars
  29:9973   warning  'e' is defined but never used                                              no-unused-vars
  29:9975   warning  't' is defined but never used                                              no-unused-vars
  29:9977   warning  'n' is defined but never used                                              no-unused-vars
  29:9979   warning  'r' is defined but never used                                              no-unused-vars
  29:9981   warning  'l' is defined but never used                                              no-unused-vars
  29:9983   warning  'i' is defined but never used                                              no-unused-vars
  29:9985   warning  'o' is defined but never used                                              no-unused-vars
  29:9987   warning  'a' is defined but never used                                              no-unused-vars
  29:9989   warning  's' is defined but never used                                              no-unused-vars
  29:10041  warning  'e' is defined but never used                                              no-unused-vars
  29:10043  warning  't' is defined but never used                                              no-unused-vars
  29:10045  warning  'n' is defined but never used                                              no-unused-vars
  29:10047  warning  'r' is defined but never used                                              no-unused-vars
  29:10049  warning  'l' is defined but never used                                              no-unused-vars
  29:10051  warning  'i' is defined but never used                                              no-unused-vars
  29:10053  warning  'o' is defined but never used                                              no-unused-vars
  29:10055  warning  'a' is defined but never used                                              no-unused-vars
  29:10057  warning  's' is defined but never used                                              no-unused-vars
  29:11890  warning  Empty block statement                                                      no-empty
  29:19770  warning  Do not access Object.prototype method 'hasOwnProperty' from target object  no-prototype-builtins
  29:20113  warning  Invalid typeof comparison value                                            valid-typeof
  29:20287  warning  Invalid typeof comparison value                                            valid-typeof
  29:22159  warning  Expected a conditional expression and instead saw an assignment            no-cond-assign
  29:27704  warning  Expected a conditional expression and instead saw an assignment            no-cond-assign
  29:29170  warning  Do not access Object.prototype method 'hasOwnProperty' from target object  no-prototype-builtins
  29:33270  warning  Expected a 'break' statement before 'case'                                 no-fallthrough
  29:33457  warning  Expected a 'break' statement before 'case'                                 no-fallthrough
  29:34574  warning  Expected a conditional expression and instead saw an assignment            no-cond-assign
  29:36019  warning  Expected a 'break' statement before 'case'                                 no-fallthrough
  29:37449  warning  Unexpected control character(s) in regular expression: \x00                no-control-regex
  30:1506   warning  Expected a conditional expression and instead saw an assignment            no-cond-assign
  30:1606   warning  Expected a conditional expression and instead saw an assignment            no-cond-assign
  30:14649  warning  Expected a 'break' statement before 'case'                                 no-fallthrough
  30:15106  warning  Unexpected constant condition                                              no-constant-condition
  30:15697  warning  Expected a conditional expression and instead saw an assignment            no-cond-assign
  30:22257  warning  Empty block statement                                                      no-empty
  30:22266  warning  Empty block statement                                                      no-empty
  30:25642  warning  Expected a conditional expression and instead saw an assignment            no-cond-assign
  30:26505  warning  Expected a conditional expression and instead saw an assignment            no-cond-assign
  32:3964   warning  Expected a conditional expression and instead saw an assignment            no-cond-assign
  32:5086   warning  Expected a conditional expression and instead saw an assignment            no-cond-assign
  32:12863  warning  Do not access Object.prototype method 'hasOwnProperty' from target object  no-prototype-builtins
  32:12884  warning  Do not access Object.prototype method 'hasOwnProperty' from target object  no-prototype-builtins
  32:12954  warning  Do not access Object.prototype method 'hasOwnProperty' from target object  no-prototype-builtins
  32:13136  warning  Do not access Object.prototype method 'hasOwnProperty' from target object  no-prototype-builtins
  32:13238  warning  Do not access Object.prototype method 'hasOwnProperty' from target object  no-prototype-builtins
  32:13318  warning  Do not access Object.prototype method 'hasOwnProperty' from target object  no-prototype-builtins
  32:13342  warning  Do not access Object.prototype method 'hasOwnProperty' from target object  no-prototype-builtins
  32:13394  warning  Do not access Object.prototype method 'hasOwnProperty' from target object  no-prototype-builtins
  32:13749  warning  Do not access Object.prototype method 'hasOwnProperty' from target object  no-prototype-builtins
  32:15932  warning  Do not access Object.prototype method 'hasOwnProperty' from target object  no-prototype-builtins
  32:16211  warning  Do not access Object.prototype method 'hasOwnProperty' from target object  no-prototype-builtins
  32:16657  warning  Unnecessary escape character: \/                                           no-useless-escape
  32:17528  warning  Do not access Object.prototype method 'hasOwnProperty' from target object  no-prototype-builtins
  32:17837  warning  Do not access Object.prototype method 'hasOwnProperty' from target object  no-prototype-builtins
  32:25851  warning  Empty block statement                                                      no-empty
  32:25886  warning  Expected a 'break' statement before 'case'                                 no-fallthrough
  32:29964  warning  Do not access Object.prototype method 'hasOwnProperty' from target object  no-prototype-builtins
  32:30944  warning  't' is defined but never used                                              no-unused-vars
  32:30946  warning  'n' is defined but never used                                              no-unused-vars
  32:30973  warning  't' is defined but never used                                              no-unused-vars
  32:30975  warning  'n' is defined but never used                                              no-unused-vars
  32:34665  warning  Unexpected constant condition                                              no-constant-condition
  32:39174  warning  Unexpected constant condition                                              no-constant-condition
  32:39464  warning  Unexpected constant condition                                              no-constant-condition
  32:42455  warning  Empty block statement                                                      no-empty
  32:52874  warning  Expected a conditional expression and instead saw an assignment            no-cond-assign
  32:54275  warning  'xc' is a function                                                         no-func-assign
  32:54281  warning  'Cc' is a function                                                         no-func-assign
  32:55199  warning  '__REACT_DEVTOOLS_GLOBAL_HOOK__' is not defined                            no-undef
  32:55298  warning  Empty block statement                                                      no-empty
  32:57331  warning  '__REACT_DEVTOOLS_GLOBAL_HOOK__' is not defined                            no-undef
  32:57388  warning  '__REACT_DEVTOOLS_GLOBAL_HOOK__' is not defined                            no-undef
  48:1434   warning  'a' is assigned a value but never used                                     no-unused-vars
  48:1550   warning  'p' is assigned a value but never used                                     no-unused-vars
  63:2340   warning  't' is defined but never used                                              no-unused-vars
  63:8594   warning  Do not access Object.prototype method 'hasOwnProperty' from target object  no-prototype-builtins
  63:9576   warning  Do not access Object.prototype method 'hasOwnProperty' from target object  no-prototype-builtins
  63:13938  warning  '$r' is a function                                                         no-func-assign
  63:20508  warning  'n' is already defined                                                     no-redeclare
  63:24933  warning  'd' is already defined                                                     no-redeclare
  63:27572  warning  Unexpected comma in middle of array                                        no-sparse-arrays
  63:27707  warning  Expected a 'break' statement before 'case'                                 no-fallthrough
  63:29096  warning  'Xs' is defined but never used                                             no-unused-vars
  63:29197  warning  'global' is not defined                                                    no-undef
  63:34500  warning  'm' is defined but never used                                              no-unused-vars
  63:34513  warning  'v' is defined but never used                                              no-unused-vars
  63:34668  warning  'N' is assigned a value but never used                                     no-unused-vars
  63:64674  warning  'v' is defined but never used                                              no-unused-vars
  63:68301  warning  'm' is defined but never used                                              no-unused-vars
  63:68312  warning  'v' is defined but never used                                              no-unused-vars
  63:72662  warning  'i' is assigned a value but never used                                     no-unused-vars
  63:79265  warning  'VictoryScreen' is not defined                                             no-undef

/home/runner/work/exp-statistical-inference-control-amrt/exp-statistical-inference-control-amrt/experiment/simulation/js/index-DqxTQYY5.js
   9:1588   warning  Do not access Object.prototype method 'hasOwnProperty' from target object  no-prototype-builtins
   9:4646   warning  Do not access Object.prototype method 'hasOwnProperty' from target object  no-prototype-builtins
  17:911    warning  'setImmediate' is not defined                                              no-undef
  25:596    warning  Unexpected combined character in character class                           no-misleading-character-class
  25:3023   warning  Unnecessary escape character: \-                                           no-useless-escape
  25:4912   warning  Do not access Object.prototype method 'hasOwnProperty' from target object  no-prototype-builtins
  29:202    warning  Expected a conditional expression and instead saw an assignment            no-cond-assign
  29:1216   warning  Empty block statement                                                      no-empty
  29:2389   warning  Do not access Object.prototype method 'hasOwnProperty' from target object  no-prototype-builtins
  29:3869   warning  Do not access Object.prototype method 'hasOwnProperty' from target object  no-prototype-builtins
  29:3910   warning  Do not access Object.prototype method 'hasOwnProperty' from target object  no-prototype-builtins
  29:4077   warning  Do not access Object.prototype method 'hasOwnProperty' from target object  no-prototype-builtins
  29:4104   warning  Do not access Object.prototype method 'hasOwnProperty' from target object  no-prototype-builtins
  29:4695   warning  Do not access Object.prototype method 'hasOwnProperty' from target object  no-prototype-builtins
  29:6032   warning  'MSApp' is not defined                                                     no-undef
  29:6080   warning  'MSApp' is not defined                                                     no-undef
  29:7460   warning  Do not access Object.prototype method 'hasOwnProperty' from target object  no-prototype-builtins
  29:7553   warning  Do not access Object.prototype method 'hasOwnProperty' from target object  no-prototype-builtins
  29:8636   warning  Expected a conditional expression and instead saw an assignment            no-cond-assign
  29:9657   warning  Expected to return a value in method 'get'                                 getter-return
  29:9790   warning  'r' is defined but never used                                              no-unused-vars
  29:9792   warning  'l' is defined but never used                                              no-unused-vars
  29:9794   warning  'i' is defined but never used                                              no-unused-vars
  29:9796   warning  'o' is defined but never used                                              no-unused-vars
  29:9798   warning  'a' is defined but never used                                              no-unused-vars
  29:9800   warning  's' is defined but never used                                              no-unused-vars
  29:9973   warning  'e' is defined but never used                                              no-unused-vars
  29:9975   warning  't' is defined but never used                                              no-unused-vars
  29:9977   warning  'n' is defined but never used                                              no-unused-vars
  29:9979   warning  'r' is defined but never used                                              no-unused-vars
  29:9981   warning  'l' is defined but never used                                              no-unused-vars
  29:9983   warning  'i' is defined but never used                                              no-unused-vars
  29:9985   warning  'o' is defined but never used                                              no-unused-vars
  29:9987   warning  'a' is defined but never used                                              no-unused-vars
  29:9989   warning  's' is defined but never used                                              no-unused-vars
  29:10041  warning  'e' is defined but never used                                              no-unused-vars
  29:10043  warning  't' is defined but never used                                              no-unused-vars
  29:10045  warning  'n' is defined but never used                                              no-unused-vars
  29:10047  warning  'r' is defined but never used                                              no-unused-vars
  29:10049  warning  'l' is defined but never used                                              no-unused-vars
  29:10051  warning  'i' is defined but never used                                              no-unused-vars
  29:10053  warning  'o' is defined but never used                                              no-unused-vars
  29:10055  warning  'a' is defined but never used                                              no-unused-vars
  29:10057  warning  's' is defined but never used                                              no-unused-vars
  29:11890  warning  Empty block statement                                                      no-empty
  29:19770  warning  Do not access Object.prototype method 'hasOwnProperty' from target object  no-prototype-builtins
  29:20113  warning  Invalid typeof comparison value                                            valid-typeof
  29:20287  warning  Invalid typeof comparison value                                            valid-typeof
  29:22159  warning  Expected a conditional expression and instead saw an assignment            no-cond-assign
  29:27704  warning  Expected a conditional expression and instead saw an assignment            no-cond-assign
  29:29170  warning  Do not access Object.prototype method 'hasOwnProperty' from target object  no-prototype-builtins
  29:33270  warning  Expected a 'break' statement before 'case'                                 no-fallthrough
  29:33457  warning  Expected a 'break' statement before 'case'                                 no-fallthrough
  29:34574  warning  Expected a conditional expression and instead saw an assignment            no-cond-assign
  29:36019  warning  Expected a 'break' statement before 'case'                                 no-fallthrough
  29:37449  warning  Unexpected control character(s) in regular expression: \x00                no-control-regex
  30:1506   warning  Expected a conditional expression and instead saw an assignment            no-cond-assign
  30:1606   warning  Expected a conditional expression and instead saw an assignment            no-cond-assign
  30:14649  warning  Expected a 'break' statement before 'case'                                 no-fallthrough
  30:15106  warning  Unexpected constant condition                                              no-constant-condition
  30:15697  warning  Expected a conditional expression and instead saw an assignment            no-cond-assign
  30:22257  warning  Empty block statement                                                      no-empty
  30:22266  warning  Empty block statement                                                      no-empty
  30:25642  warning  Expected a conditional expression and instead saw an assignment            no-cond-assign
  30:26505  warning  Expected a conditional expression and instead saw an assignment            no-cond-assign
  32:3964   warning  Expected a conditional expression and instead saw an assignment            no-cond-assign
  32:5086   warning  Expected a conditional expression and instead saw an assignment            no-cond-assign
  32:12863  warning  Do not access Object.prototype method 'hasOwnProperty' from target object  no-prototype-builtins
  32:12884  warning  Do not access Object.prototype method 'hasOwnProperty' from target object  no-prototype-builtins
  32:12954  warning  Do not access Object.prototype method 'hasOwnProperty' from target object  no-prototype-builtins
  32:13136  warning  Do not access Object.prototype method 'hasOwnProperty' from target object  no-prototype-builtins
  32:13238  warning  Do not access Object.prototype method 'hasOwnProperty' from target object  no-prototype-builtins
  32:13318  warning  Do not access Object.prototype method 'hasOwnProperty' from target object  no-prototype-builtins
  32:13342  warning  Do not access Object.prototype method 'hasOwnProperty' from target object  no-prototype-builtins
  32:13394  warning  Do not access Object.prototype method 'hasOwnProperty' from target object  no-prototype-builtins
  32:13749  warning  Do not access Object.prototype method 'hasOwnProperty' from target object  no-prototype-builtins
  32:15932  warning  Do not access Object.prototype method 'hasOwnProperty' from target object  no-prototype-builtins
  32:16211  warning  Do not access Object.prototype method 'hasOwnProperty' from target object  no-prototype-builtins
  32:16657  warning  Unnecessary escape character: \/                                           no-useless-escape
  32:17528  warning  Do not access Object.prototype method 'hasOwnProperty' from target object  no-prototype-builtins
  32:17837  warning  Do not access Object.prototype method 'hasOwnProperty' from target object  no-prototype-builtins
  32:25851  warning  Empty block statement                                                      no-empty
  32:25886  warning  Expected a 'break' statement before 'case'                                 no-fallthrough
  32:29964  warning  Do not access Object.prototype method 'hasOwnProperty' from target object  no-prototype-builtins
  32:30944  warning  't' is defined but never used                                              no-unused-vars
  32:30946  warning  'n' is defined but never used                                              no-unused-vars
  32:30973  warning  't' is defined but never used                                              no-unused-vars
  32:30975  warning  'n' is defined but never used                                              no-unused-vars
  32:34665  warning  Unexpected constant condition                                              no-constant-condition
  32:39174  warning  Unexpected constant condition                                              no-constant-condition
  32:39464  warning  Unexpected constant condition                                              no-constant-condition
  32:42455  warning  Empty block statement                                                      no-empty
  32:52874  warning  Expected a conditional expression and instead saw an assignment            no-cond-assign
  32:54275  warning  'xc' is a function                                                         no-func-assign
  32:54281  warning  'Cc' is a function                                                         no-func-assign
  32:55199  warning  '__REACT_DEVTOOLS_GLOBAL_HOOK__' is not defined                            no-undef
  32:55298  warning  Empty block statement                                                      no-empty
  32:57331  warning  '__REACT_DEVTOOLS_GLOBAL_HOOK__' is not defined                            no-undef
  32:57388  warning  '__REACT_DEVTOOLS_GLOBAL_HOOK__' is not defined                            no-undef
  48:1434   warning  'a' is assigned a value but never used                                     no-unused-vars
  48:1550   warning  'p' is assigned a value but never used                                     no-unused-vars
  63:2340   warning  't' is defined but never used                                              no-unused-vars
  63:8594   warning  Do not access Object.prototype method 'hasOwnProperty' from target object  no-prototype-builtins
  63:9576   warning  Do not access Object.prototype method 'hasOwnProperty' from target object  no-prototype-builtins
  63:13938  warning  '$r' is a function                                                         no-func-assign
  63:20508  warning  'n' is already defined                                                     no-redeclare
  63:24933  warning  'd' is already defined                                                     no-redeclare
  63:27572  warning  Unexpected comma in middle of array                                        no-sparse-arrays
  63:27707  warning  Expected a 'break' statement before 'case'                                 no-fallthrough
  63:29096  warning  'Xs' is defined but never used                                             no-unused-vars
  63:29197  warning  'global' is not defined                                                    no-undef
  63:34500  warning  'm' is defined but never used                                              no-unused-vars
  63:34513  warning  'v' is defined but never used                                              no-unused-vars
  63:34668  warning  'N' is assigned a value but never used                                     no-unused-vars
  63:64793  warning  'v' is defined but never used                                              no-unused-vars
  63:68845  warning  'm' is defined but never used                                              no-unused-vars
  63:68856  warning  'v' is defined but never used                                              no-unused-vars
  63:73206  warning  'i' is assigned a value but never used                                     no-unused-vars
  63:79875  warning  'VictoryScreen' is not defined                                             no-undef

✖ 238 problems (0 errors, 238 warnings)

